producer_class	xtools.gsea.GseaPreranked
producer_timestamp	1730143149439
param	rpt_label	REACTOME_analysis_01DEGs
param	rnd_seed	timestamp
param	set_min	15
param	zip_report	false
param	create_svgs	false
param	scoring_scheme	weighted
param	rnk	C:\Users\marce\OneDrive\Desktop\rm_MBT168\genes_ranked_stat_0.1.rnk
param	norm	meandiv
param	out	C:\Users\marce\gsea_home\output\oct28
param	mode	Abs_max_of_probes
param	include_only_symbols	true
param	help	false
param	set_max	500
param	gmx	ftp.broadinstitute.org://pub/gsea/msigdb/human/gene_sets/c2.cp.reactome.v2024.1.Hs.symbols.gmt
param	make_sets	true
param	plot_top_x	20
param	gui	false
param	nperm	1000
param	collapse	No_Collapse

file	C:\Users\marce\gsea_home\output\oct28\REACTOME_analysis_01DEGs.GseaPreranked.1730143149439\index.html
