producer_class	xtools.gsea.GseaPreranked
producer_timestamp	1730141498623
param	rpt_label	GO_analysis
param	rnd_seed	timestamp
param	set_min	15
param	zip_report	false
param	create_svgs	false
param	scoring_scheme	weighted
param	rnk	C:\Users\marce\OneDrive\Desktop\rm_MBT168\all_genes.rnk
param	norm	meandiv
param	out	C:\Users\marce\gsea_home\output\oct28
param	mode	Abs_max_of_probes
param	include_only_symbols	true
param	help	false
param	set_max	500
param	gmx	ftp.broadinstitute.org://pub/gsea/msigdb/human/gene_sets/c5.all.v2024.1.Hs.symbols.gmt
param	make_sets	true
param	plot_top_x	20
param	gui	false
param	nperm	1000
param	collapse	No_Collapse

file	C:\Users\marce\gsea_home\output\oct28\GO_analysis.GseaPreranked.1730141498623\index.html
